2024-05-21 00:22:43.658 [info] Extension host with pid 40677 started
2024-05-21 00:22:45.090 [info] ExtensionService#_doActivateExtension vscode.git-base, startup: true, activationEvent: '*', root cause: vscode.git
2024-05-21 00:22:45.118 [info] ExtensionService#_doActivateExtension vscode.github-authentication, startup: false, activationEvent: 'onAuthenticationRequest:github'
2024-05-21 00:22:45.755 [info] ExtensionService#_doActivateExtension vscode.git, startup: true, activationEvent: '*'
2024-05-21 00:22:46.389 [info] ExtensionService#_doActivateExtension vscode.github, startup: true, activationEvent: '*'
2024-05-21 00:22:47.084 [info] Eager extensions activated
2024-05-21 00:22:47.180 [info] ExtensionService#_doActivateExtension vscode.debug-auto-launch, startup: false, activationEvent: 'onStartupFinished'
2024-05-21 00:22:47.215 [info] ExtensionService#_doActivateExtension vscode.merge-conflict, startup: false, activationEvent: 'onStartupFinished'
2024-05-21 00:22:47.500 [info] ExtensionService#_doActivateExtension vscode.microsoft-authentication, startup: false, activationEvent: 'onAuthenticationRequest:microsoft'
2024-05-21 00:23:14.072 [info] Extension host terminating: renderer closed the MessagePort
2024-05-21 00:23:14.096 [info] Extension host with pid 40677 exiting with code 0
2024-05-21 00:23:18.087 [info] Extension host with pid 41088 started
2024-05-21 00:23:18.087 [info] Skipping acquiring lock for /home/kali/Development/MachineCoding/~/.vscode-root/User/workspaceStorage/5ff2881461f9a6cae6c6fd47be3be654.
2024-05-21 00:23:18.626 [info] ExtensionService#_doActivateExtension vscode.git-base, startup: true, activationEvent: '*'
2024-05-21 00:23:18.816 [info] ExtensionService#_doActivateExtension vscode.github, startup: true, activationEvent: '*'
2024-05-21 00:23:18.897 [info] Eager extensions activated
2024-05-21 00:23:18.923 [info] ExtensionService#_doActivateExtension vscode.debug-auto-launch, startup: false, activationEvent: 'onStartupFinished'
2024-05-21 00:23:18.943 [info] ExtensionService#_doActivateExtension vscode.merge-conflict, startup: false, activationEvent: 'onStartupFinished'
2024-05-21 00:23:20.558 [info] ExtensionService#_doActivateExtension vscode.github-authentication, startup: false, activationEvent: 'onAuthenticationRequest:github'
2024-05-21 00:23:21.677 [info] ExtensionService#_doActivateExtension vscode.html-language-features, startup: false, activationEvent: 'onLanguage:html'
2024-05-21 00:23:21.949 [info] ExtensionService#_doActivateExtension vscode.emmet, startup: false, activationEvent: 'onLanguage'
2024-05-21 00:23:23.382 [info] ExtensionService#_doActivateExtension vscode.microsoft-authentication, startup: false, activationEvent: 'onAuthenticationRequest:microsoft'
2024-05-21 00:23:28.427 [info] ExtensionService#_doActivateExtension vscode.git, startup: false, activationEvent: 'api', root cause: vscode.github
2024-05-21 00:25:36.039 [info] ExtensionService#_doActivateExtension ritwickdey.LiveServer, startup: false, activationEvent: 'onStartupFinished'
2024-05-21 00:37:20.341 [info] ExtensionService#_doActivateExtension vscode.json-language-features, startup: false, activationEvent: 'onLanguage:jsonc'
2024-05-21 00:37:20.614 [info] ExtensionService#_doActivateExtension vscode.typescript-language-features, startup: false, activationEvent: 'onLanguage:jsonc'
2024-05-21 00:57:09.057 [info] Extension host terminating: renderer closed the MessagePort
2024-05-21 00:57:09.223 [info] Extension host with pid 41088 exiting with code 0
